[2019-11-17 18:31:12,780] multiqc                                            [DEBUG  ]  No MultiQC config found: /home/user10/miniconda3/envs/simulacro/lib/python3.7/site-packages/multiqc_config.yaml
[2019-11-17 18:31:12,780] multiqc                                            [DEBUG  ]  No MultiQC config found: /home/user10/.multiqc_config.yaml
[2019-11-17 18:31:12,780] multiqc                                            [DEBUG  ]  No MultiQC config found: multiqc_config.yaml
[2019-11-17 18:31:12,780] multiqc                                            [DEBUG  ]  Command used: /home/user10/miniconda3/envs/simulacro/bin/multiqc -o out/multiqc /home/user10/Documents/Master_Bioinformatica/Programacion/Linux_avanzado/pruebasgit
[2019-11-17 18:31:13,090] multiqc                                            [DEBUG  ]  Latest MultiQC version is v1.7
[2019-11-17 18:31:13,091] multiqc                                            [INFO   ]  This is MultiQC v1.7
[2019-11-17 18:31:13,091] multiqc                                            [DEBUG  ]  Command     : /home/user10/miniconda3/envs/simulacro/bin/multiqc -o out/multiqc /home/user10/Documents/Master_Bioinformatica/Programacion/Linux_avanzado/pruebasgit
[2019-11-17 18:31:13,091] multiqc                                            [DEBUG  ]  Working dir : /home/user10/Documents/Master_Bioinformatica/Programacion/Linux_avanzado/pruebasgit
[2019-11-17 18:31:13,091] multiqc                                            [INFO   ]  Template    : default
[2019-11-17 18:31:13,091] multiqc                                            [INFO   ]  Searching '/home/user10/Documents/Master_Bioinformatica/Programacion/Linux_avanzado/pruebasgit'
[2019-11-17 18:31:13,092] multiqc                                            [DEBUG  ]  Analysing modules: custom_content, conpair, peddy, methylQA, phantompeakqualtools, qualimap, preseq, quast, qorts, rna_seqc, rsem, rseqc, busco, goleft_indexcov, disambiguate, supernova, deeptools, sargasso, verifybamid, mirtrace, happy, homer, macs2, theta2, snpeff, gatk, htseq, bcftools, featureCounts, dedup, damageprofiler, picard, prokka, samblaster, samtools, bamtools, jellyfish, vcftools, longranger, stacks, bbmap, bismark, biscuit, hicexplorer, hicup, hicpro, salmon, kallisto, slamdunk, star, hisat2, tophat, bowtie2, bowtie1, kat, leehom, adapterRemoval, clipandmerge, cutadapt, flexbar, trimmomatic, skewer, sortmerna, biobloomtools, fastq_screen, afterqc, fastp, fastqc, minionqc, clusterflow, bcl2fastq, interop, flash
[2019-11-17 18:31:13,092] multiqc                                            [DEBUG  ]  Using temporary directory for creating report: /tmp/tmpgu_ld_a9
[2019-11-17 18:31:15,260] multiqc                                            [DEBUG  ]  Ignoring file as matched an ignore pattern: ERR2868174_1.fastq.gz
[2019-11-17 18:31:15,260] multiqc                                            [DEBUG  ]  Ignoring file as matched an ignore pattern: ERR2868172_2.fastq.gz
[2019-11-17 18:31:15,260] multiqc                                            [DEBUG  ]  Ignoring file as matched an ignore pattern: ERR2868172_1.fastq.gz
[2019-11-17 18:31:15,260] multiqc                                            [DEBUG  ]  Ignoring file as matched an ignore pattern: ERR2868173_2.fastq.gz
[2019-11-17 18:31:15,260] multiqc                                            [DEBUG  ]  Ignoring file as matched an ignore pattern: ERR2868173_1.fastq.gz
[2019-11-17 18:31:15,260] multiqc                                            [DEBUG  ]  Ignoring file as matched an ignore pattern: ERR2868174_2.fastq.gz
[2019-11-17 18:31:15,261] multiqc                                            [DEBUG  ]  Ignoring file as matched an ignore pattern: ERR2868174_1.fastq.gz
[2019-11-17 18:31:15,261] multiqc                                            [DEBUG  ]  Ignoring file as matched an ignore pattern: ERR2868172_2.fastq.gz
[2019-11-17 18:31:15,261] multiqc                                            [DEBUG  ]  Ignoring file as matched an ignore pattern: ERR2868172_1.fastq.gz
[2019-11-17 18:31:15,261] multiqc                                            [DEBUG  ]  Ignoring file as matched an ignore pattern: ERR2868173_2.fastq.gz
[2019-11-17 18:31:15,261] multiqc                                            [DEBUG  ]  Ignoring file as matched an ignore pattern: ERR2868173_1.fastq.gz
[2019-11-17 18:31:15,261] multiqc                                            [DEBUG  ]  Ignoring file as matched an ignore pattern: ERR2868174_2.fastq.gz
[2019-11-17 18:31:15,261] multiqc                                            [DEBUG  ]  Ignoring file as matched an ignore pattern: ERR2868172_2_fastqc.html
[2019-11-17 18:31:15,262] multiqc                                            [DEBUG  ]  Ignoring file as matched an ignore pattern: ERR2868173_1_fastqc.html
[2019-11-17 18:31:15,262] multiqc                                            [DEBUG  ]  Ignoring file as matched an ignore pattern: ERR2868174_1_fastqc.html
[2019-11-17 18:31:15,262] multiqc                                            [DEBUG  ]  Ignoring file as matched an ignore pattern: ERR2868174_2_fastqc.html
[2019-11-17 18:31:15,263] multiqc                                            [DEBUG  ]  Ignoring file as matched an ignore pattern: ERR2868172_1_fastqc.html
[2019-11-17 18:31:15,263] multiqc                                            [DEBUG  ]  Ignoring file as matched an ignore pattern: ERR2868173_2_fastqc.html
[2019-11-17 18:31:15,273] multiqc                                            [DEBUG  ]  Ignoring file as matched an ignore pattern: Aligned.out.sam
[2019-11-17 18:31:15,286] multiqc                                            [DEBUG  ]  Ignoring file as matched an ignore pattern: Aligned.out.sam
[2019-11-17 18:31:15,300] multiqc                                            [DEBUG  ]  Ignoring file as matched an ignore pattern: Aligned.out.sam
[2019-11-17 18:31:15,305] multiqc                                            [DEBUG  ]  Ignoring file as matched an ignore pattern: ERR2868173_2.trimmed.fastq.gz
[2019-11-17 18:31:15,305] multiqc                                            [DEBUG  ]  Ignoring file as matched an ignore pattern: ERR2868173_1.trimmed.fastq.gz
[2019-11-17 18:31:15,305] multiqc                                            [DEBUG  ]  Ignoring file as matched an ignore pattern: ERR2868174_1.trimmed.fastq.gz
[2019-11-17 18:31:15,305] multiqc                                            [DEBUG  ]  Ignoring file as matched an ignore pattern: ERR2868172_1.trimmed.fastq.gz
[2019-11-17 18:31:15,305] multiqc                                            [DEBUG  ]  Ignoring file as matched an ignore pattern: ERR2868172_2.trimmed.fastq.gz
[2019-11-17 18:31:15,305] multiqc                                            [DEBUG  ]  Ignoring file as matched an ignore pattern: ERR2868174_2.trimmed.fastq.gz
[2019-11-17 18:31:15,471] multiqc                                            [DEBUG  ]  No samples found: custom_content
[2019-11-17 18:31:15,474] multiqc                                            [DEBUG  ]  No samples found: conpair
[2019-11-17 18:31:15,476] multiqc                                            [DEBUG  ]  No samples found: peddy
[2019-11-17 18:31:15,478] multiqc                                            [DEBUG  ]  No samples found: methylQA
[2019-11-17 18:31:15,480] multiqc                                            [DEBUG  ]  No samples found: phantompeakqualtools
[2019-11-17 18:31:15,482] multiqc                                            [DEBUG  ]  No samples found: qualimap
[2019-11-17 18:31:15,484] multiqc                                            [DEBUG  ]  No samples found: preseq
[2019-11-17 18:31:15,486] multiqc                                            [DEBUG  ]  No samples found: quast
[2019-11-17 18:31:15,488] multiqc                                            [DEBUG  ]  No samples found: qorts
[2019-11-17 18:31:15,490] multiqc                                            [DEBUG  ]  No samples found: rna_seqc
[2019-11-17 18:31:15,492] multiqc                                            [DEBUG  ]  No samples found: rsem
[2019-11-17 18:31:15,495] multiqc                                            [DEBUG  ]  No samples found: rseqc
[2019-11-17 18:31:15,497] multiqc                                            [DEBUG  ]  No samples found: busco
[2019-11-17 18:31:15,499] multiqc                                            [DEBUG  ]  No samples found: goleft_indexcov
[2019-11-17 18:31:15,501] multiqc                                            [DEBUG  ]  No samples found: disambiguate
[2019-11-17 18:31:15,503] multiqc                                            [DEBUG  ]  No samples found: supernova
[2019-11-17 18:31:15,506] multiqc                                            [DEBUG  ]  No samples found: deeptools
[2019-11-17 18:31:15,508] multiqc                                            [DEBUG  ]  No samples found: sargasso
[2019-11-17 18:31:15,510] multiqc                                            [DEBUG  ]  No samples found: verifybamid
[2019-11-17 18:31:15,512] multiqc                                            [DEBUG  ]  No samples found: mirtrace
[2019-11-17 18:31:15,514] multiqc                                            [DEBUG  ]  No samples found: happy
[2019-11-17 18:31:15,517] multiqc                                            [DEBUG  ]  No samples found: homer
[2019-11-17 18:31:15,519] multiqc                                            [DEBUG  ]  No samples found: macs2
[2019-11-17 18:31:15,520] multiqc                                            [DEBUG  ]  No samples found: theta2
[2019-11-17 18:31:15,523] multiqc                                            [DEBUG  ]  No samples found: snpeff
[2019-11-17 18:31:15,526] multiqc                                            [DEBUG  ]  No samples found: gatk
[2019-11-17 18:31:15,528] multiqc                                            [DEBUG  ]  No samples found: htseq
[2019-11-17 18:31:15,530] multiqc                                            [DEBUG  ]  No samples found: bcftools
[2019-11-17 18:31:15,532] multiqc                                            [DEBUG  ]  No samples found: featureCounts
[2019-11-17 18:31:15,534] multiqc                                            [DEBUG  ]  No samples found: dedup
[2019-11-17 18:31:15,535] multiqc                                            [DEBUG  ]  No samples found: damageprofiler
[2019-11-17 18:31:15,539] multiqc                                            [DEBUG  ]  No samples found: picard
[2019-11-17 18:31:15,541] multiqc                                            [DEBUG  ]  No samples found: prokka
[2019-11-17 18:31:15,543] multiqc                                            [DEBUG  ]  No samples found: samblaster
[2019-11-17 18:31:15,546] multiqc                                            [DEBUG  ]  No samples found: samtools
[2019-11-17 18:31:15,548] multiqc                                            [DEBUG  ]  No samples found: bamtools
[2019-11-17 18:31:15,550] multiqc                                            [DEBUG  ]  No samples found: jellyfish
[2019-11-17 18:31:15,552] multiqc                                            [DEBUG  ]  No samples found: vcftools
[2019-11-17 18:31:15,554] multiqc                                            [DEBUG  ]  No samples found: longranger
[2019-11-17 18:31:15,556] multiqc                                            [DEBUG  ]  No samples found: stacks
[2019-11-17 18:31:15,559] multiqc                                            [DEBUG  ]  No samples found: bbmap
[2019-11-17 18:31:15,561] multiqc                                            [DEBUG  ]  No samples found: bismark
[2019-11-17 18:31:15,564] multiqc                                            [DEBUG  ]  No samples found: biscuit
[2019-11-17 18:31:15,566] multiqc                                            [DEBUG  ]  No samples found: hicexplorer
[2019-11-17 18:31:15,568] multiqc                                            [DEBUG  ]  No samples found: hicup
[2019-11-17 18:31:15,570] multiqc                                            [DEBUG  ]  No samples found: hicpro
[2019-11-17 18:31:15,572] multiqc                                            [DEBUG  ]  No samples found: salmon
[2019-11-17 18:31:15,574] multiqc                                            [DEBUG  ]  No samples found: kallisto
[2019-11-17 18:31:15,576] multiqc                                            [DEBUG  ]  No samples found: slamdunk
[2019-11-17 18:31:15,581] multiqc.modules.star.star                          [INFO   ]  Found 3 reports
[2019-11-17 18:31:15,585] multiqc                                            [DEBUG  ]  No samples found: hisat2
[2019-11-17 18:31:15,587] multiqc                                            [DEBUG  ]  No samples found: tophat
[2019-11-17 18:31:15,589] multiqc                                            [DEBUG  ]  No samples found: bowtie2
[2019-11-17 18:31:15,591] multiqc                                            [DEBUG  ]  No samples found: bowtie1
[2019-11-17 18:31:15,593] multiqc                                            [DEBUG  ]  No samples found: kat
[2019-11-17 18:31:15,595] multiqc                                            [DEBUG  ]  No samples found: leehom
[2019-11-17 18:31:15,597] multiqc                                            [DEBUG  ]  No samples found: adapterRemoval
[2019-11-17 18:31:15,599] multiqc                                            [DEBUG  ]  No samples found: clipandmerge
[2019-11-17 18:31:15,604] multiqc.modules.cutadapt.cutadapt                  [INFO   ]  Found 3 reports
[2019-11-17 18:31:15,611] multiqc                                            [DEBUG  ]  No samples found: flexbar
[2019-11-17 18:31:15,613] multiqc                                            [DEBUG  ]  No samples found: trimmomatic
[2019-11-17 18:31:15,615] multiqc                                            [DEBUG  ]  No samples found: skewer
[2019-11-17 18:31:15,617] multiqc                                            [DEBUG  ]  No samples found: sortmerna
[2019-11-17 18:31:15,619] multiqc                                            [DEBUG  ]  No samples found: biobloomtools
[2019-11-17 18:31:15,620] multiqc                                            [DEBUG  ]  No samples found: fastq_screen
[2019-11-17 18:31:15,622] multiqc                                            [DEBUG  ]  No samples found: afterqc
[2019-11-17 18:31:15,624] multiqc                                            [DEBUG  ]  No samples found: fastp
[2019-11-17 18:31:15,763] multiqc.modules.fastqc.fastqc                      [INFO   ]  Found 6 reports
[2019-11-17 18:31:15,853] multiqc                                            [DEBUG  ]  No samples found: minionqc
[2019-11-17 18:31:15,857] multiqc                                            [DEBUG  ]  No samples found: clusterflow
[2019-11-17 18:31:15,860] multiqc                                            [DEBUG  ]  No samples found: bcl2fastq
[2019-11-17 18:31:15,863] multiqc                                            [DEBUG  ]  No samples found: interop
[2019-11-17 18:31:15,866] multiqc                                            [DEBUG  ]  No samples found: flash
[2019-11-17 18:31:15,875] multiqc                                            [INFO   ]  Compressing plot data
[2019-11-17 18:31:15,930] multiqc                                            [INFO   ]  Report      : out/multiqc/multiqc_report.html
[2019-11-17 18:31:15,930] multiqc                                            [INFO   ]  Data        : out/multiqc/multiqc_data
[2019-11-17 18:31:15,930] multiqc                                            [DEBUG  ]  Moving data file from '/tmp/tmpgu_ld_a9/multiqc_data/multiqc_fastqc.txt' to 'out/multiqc/multiqc_data'
[2019-11-17 18:31:15,930] multiqc                                            [DEBUG  ]  Moving data file from '/tmp/tmpgu_ld_a9/multiqc_data/multiqc_sources.txt' to 'out/multiqc/multiqc_data'
[2019-11-17 18:31:15,930] multiqc                                            [DEBUG  ]  Moving data file from '/tmp/tmpgu_ld_a9/multiqc_data/multiqc_data.json' to 'out/multiqc/multiqc_data'
[2019-11-17 18:31:15,931] multiqc                                            [DEBUG  ]  Moving data file from '/tmp/tmpgu_ld_a9/multiqc_data/multiqc_star.txt' to 'out/multiqc/multiqc_data'
[2019-11-17 18:31:15,931] multiqc                                            [DEBUG  ]  Moving data file from '/tmp/tmpgu_ld_a9/multiqc_data/multiqc_cutadapt.txt' to 'out/multiqc/multiqc_data'
[2019-11-17 18:31:15,931] multiqc                                            [DEBUG  ]  Moving data file from '/tmp/tmpgu_ld_a9/multiqc_data/multiqc_general_stats.txt' to 'out/multiqc/multiqc_data'
[2019-11-17 18:31:16,012] multiqc                                            [INFO   ]  MultiQC complete
