/home/user10/Documents/Master_Bioinformatica/Programacion/Linux_avanzado/pruebasgit
--2019-11-17 18:46:49--  ftp://ftp.ncbi.nlm.nih.gov/genomes/all/GCF/000/005/845/GCF_000005845.2_ASM584v2/GCF_000005845.2_ASM584v2_genomic.fna.gz
           => ‘res/genome/ecoli.fasta.gz’
Resolving ftp.ncbi.nlm.nih.gov (ftp.ncbi.nlm.nih.gov)... 130.14.250.11, 2607:f220:41e:250::7
Connecting to ftp.ncbi.nlm.nih.gov (ftp.ncbi.nlm.nih.gov)|130.14.250.11|:21... connected.
Logging in as anonymous ... Logged in!
==> SYST ... done.    ==> PWD ... done.
==> TYPE I ... done.  ==> CWD (1) /genomes/all/GCF/000/005/845/GCF_000005845.2_ASM584v2 ... done.
==> SIZE GCF_000005845.2_ASM584v2_genomic.fna.gz ... 1379902
==> PASV ... done.    ==> RETR GCF_000005845.2_ASM584v2_genomic.fna.gz ... done.
Length: 1379902 (1,3M) (unauthoritative)

     0K .......... .......... .......... .......... ..........  3%  231K 6s
    50K .......... .......... .......... .......... ..........  7%  491K 4s
   100K .......... .......... .......... .......... .......... 11% 25,2M 3s
   150K .......... .......... .......... .......... .......... 14%  499K 2s
   200K .......... .......... .......... .......... .......... 18% 13,3M 2s
   250K .......... .......... .......... .......... .......... 22% 19,6M 1s
   300K .......... .......... .......... .......... .......... 25% 17,4M 1s
   350K .......... .......... .......... .......... .......... 29%  466K 1s
   400K .......... .......... .......... .......... .......... 33% 21,5M 1s
   450K .......... .......... .......... .......... .......... 37% 14,5M 1s
   500K .......... .......... .......... .......... .......... 40% 8,76M 1s
   550K .......... .......... .......... .......... .......... 44% 11,8M 1s
   600K .......... .......... .......... .......... .......... 48% 15,5M 1s
   650K .......... .......... .......... .......... .......... 51% 18,1M 1s
   700K .......... .......... .......... .......... .......... 55%  859K 0s
   750K .......... .......... .......... .......... .......... 59% 2,04M 0s
   800K .......... .......... .......... .......... .......... 63% 14,6M 0s
   850K .......... .......... .......... .......... .......... 66% 27,4M 0s
   900K .......... .......... .......... .......... .......... 70% 9,16M 0s
   950K .......... .......... .......... .......... .......... 74% 11,5M 0s
  1000K .......... .......... .......... .......... .......... 77% 20,1M 0s
  1050K .......... .......... .......... .......... .......... 81% 18,2M 0s
  1100K .......... .......... .......... .......... .......... 85% 12,2M 0s
  1150K .......... .......... .......... .......... .......... 89%  495K 0s
  1200K .......... .......... .......... .......... .......... 92%  168K 0s
  1250K .......... .......... .......... .......... .......... 96%  254K 0s
  1300K .......... .......... .......... .......... .......   100%  240K=1,5s

2019-11-17 18:46:52 (925 KB/s) - ‘res/genome/ecoli.fasta.gz’ saved [1379902]

gzip: res/genome/ecoli.fasta already exists; do you wish to overwrite (y or n)? Nov 17 18:49:00 ..... started STAR run
Nov 17 18:49:00 ... starting to generate Genome files
Nov 17 18:49:00 ... starting to sort Suffix Array. This may take a long time...
Nov 17 18:49:00 ... sorting Suffix Array chunks and saving them to disk...
Nov 17 18:49:01 ... loading chunks from disk, packing SA...
Nov 17 18:49:01 ... finished generating suffix array
Nov 17 18:49:01 ... generating Suffix Array index
Nov 17 18:49:02 ... completed Suffix Array index
Nov 17 18:49:02 ... writing Genome to disk ...
Nov 17 18:49:02 ... writing Suffix Array to disk ...
Nov 17 18:49:02 ... writing SAindex to disk
Nov 17 18:49:02 ..... finished successfully
ERR2868172_1.fastq.gz
Número de líneas del Fastq: 3000
ERR2868172_2.fastq.gz
Número de líneas del Fastq: 3000
ERR2868172_1.fastq.gz
Número de líneas del Fastq originales: 3000
ERR2868172_2.fastq.gz
Número de líneas del Fastq originales: 3000
Running FastQC...
Started analysis of ERR2868172_1.fastq.gz
Approx 30% complete for ERR2868172_1.fastq.gz
Approx 65% complete for ERR2868172_1.fastq.gz
Approx 100% complete for ERR2868172_1.fastq.gz
Analysis complete for ERR2868172_1.fastq.gz
Started analysis of ERR2868172_2.fastq.gz
Approx 30% complete for ERR2868172_2.fastq.gz
Approx 65% complete for ERR2868172_2.fastq.gz
Approx 100% complete for ERR2868172_2.fastq.gz
Analysis complete for ERR2868172_2.fastq.gz

Running cutadapt...

Running STAR alignment...
Nov 17 18:49:06 ..... started STAR run
Nov 17 18:49:06 ..... loading genome
Nov 17 18:49:06 ..... started mapping
Nov 17 18:49:08 ..... finished mapping
Nov 17 18:49:08 ..... finished successfully

ERR2868173_1.fastq.gz
Número de líneas del Fastq: 3000
ERR2868173_2.fastq.gz
Número de líneas del Fastq: 3000
ERR2868173_1.fastq.gz
Número de líneas del Fastq originales: 3000
ERR2868173_2.fastq.gz
Número de líneas del Fastq originales: 3000
Running FastQC...
Started analysis of ERR2868173_1.fastq.gz
Approx 30% complete for ERR2868173_1.fastq.gz
Approx 65% complete for ERR2868173_1.fastq.gz
Approx 100% complete for ERR2868173_1.fastq.gz
Analysis complete for ERR2868173_1.fastq.gz
Started analysis of ERR2868173_2.fastq.gz
Approx 30% complete for ERR2868173_2.fastq.gz
Approx 65% complete for ERR2868173_2.fastq.gz
Approx 100% complete for ERR2868173_2.fastq.gz
Analysis complete for ERR2868173_2.fastq.gz

Running cutadapt...

Running STAR alignment...
Nov 17 18:49:12 ..... started STAR run
Nov 17 18:49:12 ..... loading genome
Nov 17 18:49:12 ..... started mapping
Nov 17 18:49:13 ..... finished mapping
Nov 17 18:49:13 ..... finished successfully

ERR2868174_1.fastq.gz
Número de líneas del Fastq: 3000
ERR2868174_2.fastq.gz
Número de líneas del Fastq: 3000
ERR2868174_1.fastq.gz
Número de líneas del Fastq originales: 3000
ERR2868174_2.fastq.gz
Número de líneas del Fastq originales: 3000
Running FastQC...
Started analysis of ERR2868174_1.fastq.gz
Approx 30% complete for ERR2868174_1.fastq.gz
Approx 65% complete for ERR2868174_1.fastq.gz
Approx 100% complete for ERR2868174_1.fastq.gz
Analysis complete for ERR2868174_1.fastq.gz
Started analysis of ERR2868174_2.fastq.gz
Approx 30% complete for ERR2868174_2.fastq.gz
Approx 65% complete for ERR2868174_2.fastq.gz
Approx 100% complete for ERR2868174_2.fastq.gz
Analysis complete for ERR2868174_2.fastq.gz

Running cutadapt...

Running STAR alignment...
Nov 17 18:49:17 ..... started STAR run
Nov 17 18:49:17 ..... loading genome
Nov 17 18:49:17 ..... started mapping
Nov 17 18:49:19 ..... finished mapping
Nov 17 18:49:19 ..... finished successfully

/home/user10/miniconda3/envs/simulacro/lib/python3.7/site-packages/multiqc/utils/config.py:45: YAMLLoadWarning: calling yaml.load() without Loader=... is deprecated, as the default Loader is unsafe. Please read https://msg.pyyaml.org/load for full details.
  configs = yaml.load(f)
/home/user10/miniconda3/envs/simulacro/lib/python3.7/site-packages/multiqc/utils/config.py:51: YAMLLoadWarning: calling yaml.load() without Loader=... is deprecated, as the default Loader is unsafe. Please read https://msg.pyyaml.org/load for full details.
  sp = yaml.load(f)
[INFO   ]         multiqc : This is MultiQC v1.7
[INFO   ]         multiqc : Template    : default
[INFO   ]         multiqc : Searching '/home/user10/Documents/Master_Bioinformatica/Programacion/Linux_avanzado/pruebasgit'
[INFO   ]            star : Found 3 reports
[INFO   ]        cutadapt : Found 3 reports
[INFO   ]          fastqc : Found 6 reports
[INFO   ]         multiqc : Compressing plot data
[WARNING]         multiqc : Previous MultiQC output found! Adjusting filenames..
[WARNING]         multiqc : Use -f or --force to overwrite existing reports instead
[INFO   ]         multiqc : Report      : out/multiqc/multiqc_report_1.html
[INFO   ]         multiqc : Data        : out/multiqc/multiqc_data_1
[INFO   ]         multiqc : MultiQC complete
