[2019-11-17 18:49:19,809] multiqc                                            [DEBUG  ]  No MultiQC config found: /home/user10/miniconda3/envs/simulacro/lib/python3.7/site-packages/multiqc_config.yaml
[2019-11-17 18:49:19,809] multiqc                                            [DEBUG  ]  No MultiQC config found: /home/user10/.multiqc_config.yaml
[2019-11-17 18:49:19,809] multiqc                                            [DEBUG  ]  No MultiQC config found: multiqc_config.yaml
[2019-11-17 18:49:19,809] multiqc                                            [DEBUG  ]  Command used: /home/user10/miniconda3/envs/simulacro/bin/multiqc -o out/multiqc /home/user10/Documents/Master_Bioinformatica/Programacion/Linux_avanzado/pruebasgit
[2019-11-17 18:49:20,151] multiqc                                            [DEBUG  ]  Latest MultiQC version is v1.7
[2019-11-17 18:49:20,151] multiqc                                            [INFO   ]  This is MultiQC v1.7
[2019-11-17 18:49:20,151] multiqc                                            [DEBUG  ]  Command     : /home/user10/miniconda3/envs/simulacro/bin/multiqc -o out/multiqc /home/user10/Documents/Master_Bioinformatica/Programacion/Linux_avanzado/pruebasgit
[2019-11-17 18:49:20,151] multiqc                                            [DEBUG  ]  Working dir : /home/user10/Documents/Master_Bioinformatica/Programacion/Linux_avanzado/pruebasgit
[2019-11-17 18:49:20,151] multiqc                                            [INFO   ]  Template    : default
[2019-11-17 18:49:20,152] multiqc                                            [INFO   ]  Searching '/home/user10/Documents/Master_Bioinformatica/Programacion/Linux_avanzado/pruebasgit'
[2019-11-17 18:49:20,152] multiqc                                            [DEBUG  ]  Analysing modules: custom_content, conpair, peddy, methylQA, phantompeakqualtools, qualimap, preseq, quast, qorts, rna_seqc, rsem, rseqc, busco, goleft_indexcov, disambiguate, supernova, deeptools, sargasso, verifybamid, mirtrace, happy, homer, macs2, theta2, snpeff, gatk, htseq, bcftools, featureCounts, dedup, damageprofiler, picard, prokka, samblaster, samtools, bamtools, jellyfish, vcftools, longranger, stacks, bbmap, bismark, biscuit, hicexplorer, hicup, hicpro, salmon, kallisto, slamdunk, star, hisat2, tophat, bowtie2, bowtie1, kat, leehom, adapterRemoval, clipandmerge, cutadapt, flexbar, trimmomatic, skewer, sortmerna, biobloomtools, fastq_screen, afterqc, fastp, fastqc, minionqc, clusterflow, bcl2fastq, interop, flash
[2019-11-17 18:49:20,153] multiqc                                            [DEBUG  ]  Using temporary directory for creating report: /tmp/tmp_h_bszuo
[2019-11-17 18:49:20,241] multiqc                                            [DEBUG  ]  Ignoring directory as matched fn_ignore_dirs: /home/user10/Documents/Master_Bioinformatica/Programacion/Linux_avanzado/pruebasgit/out/multiqc/multiqc_data
[2019-11-17 18:49:22,521] multiqc                                            [DEBUG  ]  Ignoring file as matched an ignore pattern: ERR2868174_1.fastq.gz
[2019-11-17 18:49:22,521] multiqc                                            [DEBUG  ]  Ignoring file as matched an ignore pattern: ERR2868172_2.fastq.gz
[2019-11-17 18:49:22,521] multiqc                                            [DEBUG  ]  Ignoring file as matched an ignore pattern: ERR2868172_1.fastq.gz
[2019-11-17 18:49:22,521] multiqc                                            [DEBUG  ]  Ignoring file as matched an ignore pattern: ERR2868173_2.fastq.gz
[2019-11-17 18:49:22,521] multiqc                                            [DEBUG  ]  Ignoring file as matched an ignore pattern: ERR2868173_1.fastq.gz
[2019-11-17 18:49:22,521] multiqc                                            [DEBUG  ]  Ignoring file as matched an ignore pattern: ERR2868174_2.fastq.gz
[2019-11-17 18:49:22,521] multiqc                                            [DEBUG  ]  Ignoring file as matched an ignore pattern: ERR2868174_1.fastq.gz
[2019-11-17 18:49:22,521] multiqc                                            [DEBUG  ]  Ignoring file as matched an ignore pattern: ERR2868172_2.fastq.gz
[2019-11-17 18:49:22,521] multiqc                                            [DEBUG  ]  Ignoring file as matched an ignore pattern: ERR2868172_1.fastq.gz
[2019-11-17 18:49:22,521] multiqc                                            [DEBUG  ]  Ignoring file as matched an ignore pattern: ERR2868173_2.fastq.gz
[2019-11-17 18:49:22,521] multiqc                                            [DEBUG  ]  Ignoring file as matched an ignore pattern: ERR2868173_1.fastq.gz
[2019-11-17 18:49:22,521] multiqc                                            [DEBUG  ]  Ignoring file as matched an ignore pattern: ERR2868174_2.fastq.gz
[2019-11-17 18:49:22,522] multiqc                                            [DEBUG  ]  Ignoring file as matched an ignore pattern: ERR2868172_2_fastqc.html
[2019-11-17 18:49:22,522] multiqc                                            [DEBUG  ]  Ignoring file as matched an ignore pattern: ERR2868173_1_fastqc.html
[2019-11-17 18:49:22,522] multiqc                                            [DEBUG  ]  Ignoring file as matched an ignore pattern: ERR2868174_1_fastqc.html
[2019-11-17 18:49:22,522] multiqc                                            [DEBUG  ]  Ignoring file as matched an ignore pattern: ERR2868174_2_fastqc.html
[2019-11-17 18:49:22,522] multiqc                                            [DEBUG  ]  Ignoring file as matched an ignore pattern: ERR2868172_1_fastqc.html
[2019-11-17 18:49:22,522] multiqc                                            [DEBUG  ]  Ignoring file as matched an ignore pattern: ERR2868173_2_fastqc.html
[2019-11-17 18:49:22,534] multiqc                                            [DEBUG  ]  Ignoring file as matched an ignore pattern: Aligned.out.sam
[2019-11-17 18:49:22,550] multiqc                                            [DEBUG  ]  Ignoring file as matched an ignore pattern: Aligned.out.sam
[2019-11-17 18:49:22,567] multiqc                                            [DEBUG  ]  Ignoring file as matched an ignore pattern: Aligned.out.sam
[2019-11-17 18:49:22,572] multiqc                                            [DEBUG  ]  Ignoring file as matched an ignore pattern: multiqc_report.html
[2019-11-17 18:49:22,572] multiqc                                            [DEBUG  ]  Ignoring file as matched an ignore pattern: ERR2868173_2.trimmed.fastq.gz
[2019-11-17 18:49:22,572] multiqc                                            [DEBUG  ]  Ignoring file as matched an ignore pattern: ERR2868173_1.trimmed.fastq.gz
[2019-11-17 18:49:22,572] multiqc                                            [DEBUG  ]  Ignoring file as matched an ignore pattern: ERR2868174_1.trimmed.fastq.gz
[2019-11-17 18:49:22,572] multiqc                                            [DEBUG  ]  Ignoring file as matched an ignore pattern: ERR2868172_1.trimmed.fastq.gz
[2019-11-17 18:49:22,572] multiqc                                            [DEBUG  ]  Ignoring file as matched an ignore pattern: ERR2868172_2.trimmed.fastq.gz
[2019-11-17 18:49:22,572] multiqc                                            [DEBUG  ]  Ignoring file as matched an ignore pattern: ERR2868174_2.trimmed.fastq.gz
[2019-11-17 18:49:22,739] multiqc                                            [DEBUG  ]  No samples found: custom_content
[2019-11-17 18:49:22,741] multiqc                                            [DEBUG  ]  No samples found: conpair
[2019-11-17 18:49:22,743] multiqc                                            [DEBUG  ]  No samples found: peddy
[2019-11-17 18:49:22,745] multiqc                                            [DEBUG  ]  No samples found: methylQA
[2019-11-17 18:49:22,747] multiqc                                            [DEBUG  ]  No samples found: phantompeakqualtools
[2019-11-17 18:49:22,750] multiqc                                            [DEBUG  ]  No samples found: qualimap
[2019-11-17 18:49:22,752] multiqc                                            [DEBUG  ]  No samples found: preseq
[2019-11-17 18:49:22,754] multiqc                                            [DEBUG  ]  No samples found: quast
[2019-11-17 18:49:22,756] multiqc                                            [DEBUG  ]  No samples found: qorts
[2019-11-17 18:49:22,758] multiqc                                            [DEBUG  ]  No samples found: rna_seqc
[2019-11-17 18:49:22,760] multiqc                                            [DEBUG  ]  No samples found: rsem
[2019-11-17 18:49:22,763] multiqc                                            [DEBUG  ]  No samples found: rseqc
[2019-11-17 18:49:22,765] multiqc                                            [DEBUG  ]  No samples found: busco
[2019-11-17 18:49:22,767] multiqc                                            [DEBUG  ]  No samples found: goleft_indexcov
[2019-11-17 18:49:22,769] multiqc                                            [DEBUG  ]  No samples found: disambiguate
[2019-11-17 18:49:22,771] multiqc                                            [DEBUG  ]  No samples found: supernova
[2019-11-17 18:49:22,774] multiqc                                            [DEBUG  ]  No samples found: deeptools
[2019-11-17 18:49:22,776] multiqc                                            [DEBUG  ]  No samples found: sargasso
[2019-11-17 18:49:22,778] multiqc                                            [DEBUG  ]  No samples found: verifybamid
[2019-11-17 18:49:22,780] multiqc                                            [DEBUG  ]  No samples found: mirtrace
[2019-11-17 18:49:22,782] multiqc                                            [DEBUG  ]  No samples found: happy
[2019-11-17 18:49:22,785] multiqc                                            [DEBUG  ]  No samples found: homer
[2019-11-17 18:49:22,787] multiqc                                            [DEBUG  ]  No samples found: macs2
[2019-11-17 18:49:22,789] multiqc                                            [DEBUG  ]  No samples found: theta2
[2019-11-17 18:49:22,791] multiqc                                            [DEBUG  ]  No samples found: snpeff
[2019-11-17 18:49:22,794] multiqc                                            [DEBUG  ]  No samples found: gatk
[2019-11-17 18:49:22,797] multiqc                                            [DEBUG  ]  No samples found: htseq
[2019-11-17 18:49:22,801] multiqc                                            [DEBUG  ]  No samples found: bcftools
[2019-11-17 18:49:22,803] multiqc                                            [DEBUG  ]  No samples found: featureCounts
[2019-11-17 18:49:22,805] multiqc                                            [DEBUG  ]  No samples found: dedup
[2019-11-17 18:49:22,807] multiqc                                            [DEBUG  ]  No samples found: damageprofiler
[2019-11-17 18:49:22,811] multiqc                                            [DEBUG  ]  No samples found: picard
[2019-11-17 18:49:22,813] multiqc                                            [DEBUG  ]  No samples found: prokka
[2019-11-17 18:49:22,815] multiqc                                            [DEBUG  ]  No samples found: samblaster
[2019-11-17 18:49:22,818] multiqc                                            [DEBUG  ]  No samples found: samtools
[2019-11-17 18:49:22,820] multiqc                                            [DEBUG  ]  No samples found: bamtools
[2019-11-17 18:49:22,822] multiqc                                            [DEBUG  ]  No samples found: jellyfish
[2019-11-17 18:49:22,825] multiqc                                            [DEBUG  ]  No samples found: vcftools
[2019-11-17 18:49:22,827] multiqc                                            [DEBUG  ]  No samples found: longranger
[2019-11-17 18:49:22,829] multiqc                                            [DEBUG  ]  No samples found: stacks
[2019-11-17 18:49:22,832] multiqc                                            [DEBUG  ]  No samples found: bbmap
[2019-11-17 18:49:22,834] multiqc                                            [DEBUG  ]  No samples found: bismark
[2019-11-17 18:49:22,837] multiqc                                            [DEBUG  ]  No samples found: biscuit
[2019-11-17 18:49:22,839] multiqc                                            [DEBUG  ]  No samples found: hicexplorer
[2019-11-17 18:49:22,841] multiqc                                            [DEBUG  ]  No samples found: hicup
[2019-11-17 18:49:22,843] multiqc                                            [DEBUG  ]  No samples found: hicpro
[2019-11-17 18:49:22,845] multiqc                                            [DEBUG  ]  No samples found: salmon
[2019-11-17 18:49:22,847] multiqc                                            [DEBUG  ]  No samples found: kallisto
[2019-11-17 18:49:22,849] multiqc                                            [DEBUG  ]  No samples found: slamdunk
[2019-11-17 18:49:22,854] multiqc.modules.star.star                          [INFO   ]  Found 3 reports
[2019-11-17 18:49:22,858] multiqc                                            [DEBUG  ]  No samples found: hisat2
[2019-11-17 18:49:22,860] multiqc                                            [DEBUG  ]  No samples found: tophat
[2019-11-17 18:49:22,862] multiqc                                            [DEBUG  ]  No samples found: bowtie2
[2019-11-17 18:49:22,864] multiqc                                            [DEBUG  ]  No samples found: bowtie1
[2019-11-17 18:49:22,866] multiqc                                            [DEBUG  ]  No samples found: kat
[2019-11-17 18:49:22,868] multiqc                                            [DEBUG  ]  No samples found: leehom
[2019-11-17 18:49:22,870] multiqc                                            [DEBUG  ]  No samples found: adapterRemoval
[2019-11-17 18:49:22,872] multiqc                                            [DEBUG  ]  No samples found: clipandmerge
[2019-11-17 18:49:22,877] multiqc.modules.cutadapt.cutadapt                  [INFO   ]  Found 3 reports
[2019-11-17 18:49:22,884] multiqc                                            [DEBUG  ]  No samples found: flexbar
[2019-11-17 18:49:22,886] multiqc                                            [DEBUG  ]  No samples found: trimmomatic
[2019-11-17 18:49:22,888] multiqc                                            [DEBUG  ]  No samples found: skewer
[2019-11-17 18:49:22,890] multiqc                                            [DEBUG  ]  No samples found: sortmerna
[2019-11-17 18:49:22,891] multiqc                                            [DEBUG  ]  No samples found: biobloomtools
[2019-11-17 18:49:22,893] multiqc                                            [DEBUG  ]  No samples found: fastq_screen
[2019-11-17 18:49:22,895] multiqc                                            [DEBUG  ]  No samples found: afterqc
[2019-11-17 18:49:22,897] multiqc                                            [DEBUG  ]  No samples found: fastp
[2019-11-17 18:49:23,035] multiqc.modules.fastqc.fastqc                      [INFO   ]  Found 6 reports
[2019-11-17 18:49:23,120] multiqc                                            [DEBUG  ]  No samples found: minionqc
[2019-11-17 18:49:23,122] multiqc                                            [DEBUG  ]  No samples found: clusterflow
[2019-11-17 18:49:23,124] multiqc                                            [DEBUG  ]  No samples found: bcl2fastq
[2019-11-17 18:49:23,126] multiqc                                            [DEBUG  ]  No samples found: interop
[2019-11-17 18:49:23,128] multiqc                                            [DEBUG  ]  No samples found: flash
[2019-11-17 18:49:23,136] multiqc                                            [INFO   ]  Compressing plot data
[2019-11-17 18:49:23,192] multiqc                                            [WARNING]  Previous MultiQC output found! Adjusting filenames..
[2019-11-17 18:49:23,192] multiqc                                            [WARNING]  Use -f or --force to overwrite existing reports instead
[2019-11-17 18:49:23,192] multiqc                                            [INFO   ]  Report      : out/multiqc/multiqc_report_1.html
[2019-11-17 18:49:23,192] multiqc                                            [INFO   ]  Data        : out/multiqc/multiqc_data_1
[2019-11-17 18:49:23,192] multiqc                                            [DEBUG  ]  Moving data file from '/tmp/tmp_h_bszuo/multiqc_data/multiqc_fastqc.txt' to 'out/multiqc/multiqc_data_1'
[2019-11-17 18:49:23,193] multiqc                                            [DEBUG  ]  Moving data file from '/tmp/tmp_h_bszuo/multiqc_data/multiqc_sources.txt' to 'out/multiqc/multiqc_data_1'
[2019-11-17 18:49:23,193] multiqc                                            [DEBUG  ]  Moving data file from '/tmp/tmp_h_bszuo/multiqc_data/multiqc_data.json' to 'out/multiqc/multiqc_data_1'
[2019-11-17 18:49:23,193] multiqc                                            [DEBUG  ]  Moving data file from '/tmp/tmp_h_bszuo/multiqc_data/multiqc_star.txt' to 'out/multiqc/multiqc_data_1'
[2019-11-17 18:49:23,193] multiqc                                            [DEBUG  ]  Moving data file from '/tmp/tmp_h_bszuo/multiqc_data/multiqc_cutadapt.txt' to 'out/multiqc/multiqc_data_1'
[2019-11-17 18:49:23,193] multiqc                                            [DEBUG  ]  Moving data file from '/tmp/tmp_h_bszuo/multiqc_data/multiqc_general_stats.txt' to 'out/multiqc/multiqc_data_1'
[2019-11-17 18:49:23,259] multiqc                                            [INFO   ]  MultiQC complete
