                                 Started job on |	Nov 17 18:49:06
                             Started mapping on |	Nov 17 18:49:06
                                    Finished on |	Nov 17 18:49:08
       Mapping speed, Million of reads per hour |	5.40

                          Number of input reads |	3000
                      Average input read length |	149
                                    UNIQUE READS:
                   Uniquely mapped reads number |	0
                        Uniquely mapped reads % |	0.00%
                          Average mapped length |	0.00
                       Number of splices: Total |	0
            Number of splices: Annotated (sjdb) |	0
                       Number of splices: GT/AG |	0
                       Number of splices: GC/AG |	0
                       Number of splices: AT/AC |	0
               Number of splices: Non-canonical |	0
                      Mismatch rate per base, % |	-nan%
                         Deletion rate per base |	0.00%
                        Deletion average length |	0.00
                        Insertion rate per base |	0.00%
                       Insertion average length |	0.00
                             MULTI-MAPPING READS:
        Number of reads mapped to multiple loci |	7
             % of reads mapped to multiple loci |	0.23%
        Number of reads mapped to too many loci |	0
             % of reads mapped to too many loci |	0.00%
                                  UNMAPPED READS:
  Number of reads unmapped: too many mismatches |	0
       % of reads unmapped: too many mismatches |	0.00%
            Number of reads unmapped: too short |	2935
                 % of reads unmapped: too short |	97.83%
                Number of reads unmapped: other |	58
                     % of reads unmapped: other |	1.93%
                                  CHIMERIC READS:
                       Number of chimeric reads |	0
                            % of chimeric reads |	0.00%
