This is cutadapt 2.6 with Python 3.7.3
Command line parameters: -m 20 -a AGATCGGAAGAGCACACGTCTGAACTCCAGTCA -A AGATCGGAAGAGCGTCGTGTAGGGAAAGAGTGT -o out/cutadapt/ERR2868173_1.trimmed.fastq.gz -p out/cutadapt/ERR2868173_2.trimmed.fastq.gz data/ERR2868173_1.fastq.gz data/ERR2868173_2.fastq.gz
Processing reads on 1 core in paired-end mode ...
Finished in 0.13 s (45 us/read; 1.34 M reads/minute).

=== Summary ===

Total read pairs processed:              3,000
  Read 1 with adapter:                      18 (0.6%)
  Read 2 with adapter:                      18 (0.6%)
Pairs that were too short:                   0 (0.0%)
Pairs written (passing filters):         3,000 (100.0%)

Total basepairs processed:       449,894 bp
  Read 1:       224,947 bp
  Read 2:       224,947 bp
Total written (filtered):        449,782 bp (100.0%)
  Read 1:       224,891 bp
  Read 2:       224,891 bp

=== First read: Adapter 1 ===

Sequence: AGATCGGAAGAGCACACGTCTGAACTCCAGTCA; Type: regular 3'; Length: 33; Trimmed: 18 times.

No. of allowed errors:
0-9 bp: 0; 10-19 bp: 1; 20-29 bp: 2; 30-33 bp: 3

Bases preceding removed adapters:
  A: 33.3%
  C: 33.3%
  G: 22.2%
  T: 11.1%
  none/other: 0.0%

Overview of removed sequences
length	count	expect	max.err	error counts
3	16	46.9	0	16
4	2	11.7	0	2


=== Second read: Adapter 2 ===

Sequence: AGATCGGAAGAGCGTCGTGTAGGGAAAGAGTGT; Type: regular 3'; Length: 33; Trimmed: 18 times.

No. of allowed errors:
0-9 bp: 0; 10-19 bp: 1; 20-29 bp: 2; 30-33 bp: 3

Bases preceding removed adapters:
  A: 33.3%
  C: 33.3%
  G: 22.2%
  T: 11.1%
  none/other: 0.0%

Overview of removed sequences
length	count	expect	max.err	error counts
3	16	46.9	0	16
4	2	11.7	0	2
