This is cutadapt 2.6 with Python 3.7.3
Command line parameters: -m 20 -a AGATCGGAAGAGCACACGTCTGAACTCCAGTCA -A AGATCGGAAGAGCGTCGTGTAGGGAAAGAGTGT -o out/cutadapt/ERR2868174_1.trimmed.fastq.gz -p out/cutadapt/ERR2868174_2.trimmed.fastq.gz data/ERR2868174_1.fastq.gz data/ERR2868174_2.fastq.gz
Processing reads on 1 core in paired-end mode ...
Finished in 0.13 s (43 us/read; 1.39 M reads/minute).

=== Summary ===

Total read pairs processed:              3,000
  Read 1 with adapter:                      13 (0.4%)
  Read 2 with adapter:                      13 (0.4%)
Pairs that were too short:                   0 (0.0%)
Pairs written (passing filters):         3,000 (100.0%)

Total basepairs processed:       450,038 bp
  Read 1:       225,019 bp
  Read 2:       225,019 bp
Total written (filtered):        449,952 bp (100.0%)
  Read 1:       224,976 bp
  Read 2:       224,976 bp

=== First read: Adapter 1 ===

Sequence: AGATCGGAAGAGCACACGTCTGAACTCCAGTCA; Type: regular 3'; Length: 33; Trimmed: 13 times.

No. of allowed errors:
0-9 bp: 0; 10-19 bp: 1; 20-29 bp: 2; 30-33 bp: 3

Bases preceding removed adapters:
  A: 30.8%
  C: 23.1%
  G: 30.8%
  T: 15.4%
  none/other: 0.0%

Overview of removed sequences
length	count	expect	max.err	error counts
3	10	46.9	0	10
4	2	11.7	0	2
5	1	2.9	0	1


=== Second read: Adapter 2 ===

Sequence: AGATCGGAAGAGCGTCGTGTAGGGAAAGAGTGT; Type: regular 3'; Length: 33; Trimmed: 13 times.

No. of allowed errors:
0-9 bp: 0; 10-19 bp: 1; 20-29 bp: 2; 30-33 bp: 3

Bases preceding removed adapters:
  A: 30.8%
  C: 23.1%
  G: 30.8%
  T: 15.4%
  none/other: 0.0%

Overview of removed sequences
length	count	expect	max.err	error counts
3	10	46.9	0	10
4	2	11.7	0	2
5	1	2.9	0	1
